#
# A fatal error has been detected by the Java Runtime Environment:
#
#  EXCEPTION_ACCESS_VIOLATION (0xc0000005) at pc=0x00007ff83e779a7c, pid=1324, tid=0x0000000000001ae8
#
# JRE version: Java(TM) SE Runtime Environment (8.0_121-b13) (build 1.8.0_121-b13)
# Java VM: Java HotSpot(TM) 64-Bit Server VM (25.121-b13 mixed mode windows-amd64 compressed oops)
# Problematic frame:
# C  [ntdll.dll+0x29a7c]
#
# Failed to write core dump. Minidumps are not enabled by default on client versions of Windows
#
# If you would like to submit a bug report, please visit:
#   http://bugreport.java.com/bugreport/crash.jsp
# The crash happened outside the Java Virtual Machine in native code.
# See problematic frame for where to report the bug.
#

---------------  T H R E A D  ---------------

Current thread (0x000000001f2f4000):  JavaThread "LWJGL Application" [_thread_in_native, id=6888, stack(0x0000000020460000,0x0000000020560000)]

siginfo: ExceptionCode=0xc0000005, reading address 0x00000000feffffff

Registers:
RAX=0x00000000feffffff, RBX=0x00000000205d1b00, RCX=0x0000000000100000, RDX=0x00000000205d1b10
RSP=0x000000002055e960, RBP=0x0000000020560000, RSI=0x0000000000be0000, RDI=0x0000000000be2dc0
R8 =0x00000000205b3370, R9 =0x0000000000001389, R10=0x0000000000001389, R11=0x0000000000001389
R12=0x0000000000013880, R13=0x0000000000000000, R14=0x0000000000be0150, R15=0xfeeefeeefeeefeee
RIP=0x00007ff83e779a7c, EFLAGS=0x0000000000010287

Top of Stack: (sp=0x000000002055e960)
0x000000002055e960:   0000000000be0150 00000000205d1b00
0x000000002055e970:   0000000020560000 0000000000be0000
0x000000002055e980:   0000000000001389 000000001d7dbca8
0x000000002055e990:   0000000000001389 0000000000001389
0x000000002055e9a0:   000000002055ea00 000000002055ea40
0x000000002055e9b0:   000000001f2f4000 000000006e001678
0x000000002055e9c0:   0000000000000000 0000000000000001
0x000000002055e9d0:   0000000000000000 0000000000013880
0x000000002055e9e0:   0000000000001389 00000000205d1b00
0x000000002055e9f0:   0000000000be0000 00007ff83e778f19
0x000000002055ea00:   000000002055eaa9 000000005eab62e0
0x000000002055ea10:   0000000000001389 000000005ec03401
0x000000002055ea20:   000000002055eaa0 0000000000000001
0x000000002055ea30:   000000002055eae0 000000005ed1ebcb
0x000000002055ea40:   000000002055eaa0 000000002055eae0
0x000000002055ea50:   000000002055eb10 00000000205d1b00 

Instructions: (pc=0x00007ff83e779a7c)
0x00007ff83e779a5c:   00 00 00 89 44 24 58 0f b7 44 24 58 0f b7 c0 4c
0x00007ff83e779a6c:   3b c8 0f 87 8b af 07 00 49 8b 40 08 48 8d 53 10
0x00007ff83e779a7c:   48 8b 08 49 3b c8 0f 85 88 af 07 00 4c 89 02 48
0x00007ff83e779a8c:   89 42 08 48 89 10 49 89 50 08 0f b7 43 08 48 01 


Register to memory mapping:

RAX=0x00000000feffffff is an unknown value
RBX=0x00000000205d1b00 is an unknown value
RCX=0x0000000000100000 is an unknown value
RDX=0x00000000205d1b10 is an unknown value
RSP=0x000000002055e960 is pointing into the stack for thread: 0x000000001f2f4000
RBP=0x0000000020560000 is pointing into the stack for thread: 0x000000001f2f4000
RSI=0x0000000000be0000 is an unknown value
RDI=0x0000000000be2dc0 is an unknown value
R8 =0x00000000205b3370 is an unknown value
R9 =0x0000000000001389 is an unknown value
R10=0x0000000000001389 is an unknown value
R11=0x0000000000001389 is an unknown value
R12=0x0000000000013880 is an unknown value
R13=0x0000000000000000 is an unknown value
R14=0x0000000000be0150 is an unknown value
R15=0xfeeefeeefeeefeee is an unknown value


Stack: [0x0000000020460000,0x0000000020560000],  sp=0x000000002055e960,  free space=1018k
Native frames: (J=compiled Java code, j=interpreted, Vv=VM code, C=native code)
C  [ntdll.dll+0x29a7c]

Java frames: (J=compiled Java code, j=interpreted, Vv=VM code)
j  com.badlogic.gdx.utils.BufferUtils.freeMemory(Ljava/nio/ByteBuffer;)V+0
j  com.badlogic.gdx.utils.BufferUtils.disposeUnsafeByteBuffer(Ljava/nio/ByteBuffer;)V+51
j  com.badlogic.gdx.graphics.glutils.VertexArray.dispose()V+4
j  com.badlogic.gdx.graphics.Mesh.dispose()V+38
j  com.badlogic.gdx.graphics.g2d.SpriteBatch.dispose()V+4
j  com.worms.game.GameWorms.dispose()V+8
j  com.badlogic.gdx.backends.lwjgl.LwjglApplication.mainLoop()V+846
j  com.badlogic.gdx.backends.lwjgl.LwjglApplication$1.run()V+27
v  ~StubRoutines::call_stub

---------------  P R O C E S S  ---------------

Java Threads: ( => current thread )
  0x0000000025dc9000 JavaThread "OkHttp ConnectionPool" daemon [_thread_blocked, id=5164, stack(0x00000000283b0000,0x00000000284b0000)]
  0x000000001f727000 JavaThread "Keep-Alive-Timer" daemon [_thread_blocked, id=644, stack(0x0000000027db0000,0x0000000027eb0000)]
  0x000000001f864800 JavaThread "LWJGL Timer" daemon [_thread_blocked, id=6336, stack(0x0000000027440000,0x0000000027540000)]
  0x000000001f2f4800 JavaThread "DestroyJavaVM" [_thread_blocked, id=5760, stack(0x0000000002800000,0x0000000002900000)]
=>0x000000001f2f4000 JavaThread "LWJGL Application" [_thread_in_native, id=6888, stack(0x0000000020460000,0x0000000020560000)]
  0x000000001d86c000 JavaThread "Service Thread" daemon [_thread_blocked, id=4920, stack(0x000000001eeb0000,0x000000001efb0000)]
  0x000000001d7ec000 JavaThread "C1 CompilerThread3" daemon [_thread_blocked, id=5004, stack(0x000000001edb0000,0x000000001eeb0000)]
  0x000000001d7e4000 JavaThread "C2 CompilerThread2" daemon [_thread_blocked, id=7160, stack(0x000000001ecb0000,0x000000001edb0000)]
  0x000000001d7e0800 JavaThread "C2 CompilerThread1" daemon [_thread_blocked, id=6392, stack(0x000000001ebb0000,0x000000001ecb0000)]
  0x000000001d7db000 JavaThread "C2 CompilerThread0" daemon [_thread_blocked, id=6620, stack(0x000000001eab0000,0x000000001ebb0000)]
  0x000000001d7d9800 JavaThread "Attach Listener" daemon [_thread_blocked, id=5060, stack(0x000000001e9b0000,0x000000001eab0000)]
  0x000000001d7d8800 JavaThread "Signal Dispatcher" daemon [_thread_blocked, id=6860, stack(0x000000001e8b0000,0x000000001e9b0000)]
  0x000000001d762000 JavaThread "Finalizer" daemon [_thread_blocked, id=6036, stack(0x000000001e6a0000,0x000000001e7a0000)]
  0x000000001c3de000 JavaThread "Reference Handler" daemon [_thread_blocked, id=5540, stack(0x000000001e5a0000,0x000000001e6a0000)]

Other Threads:
  0x000000001c3d1800 VMThread [stack: 0x000000001e4a0000,0x000000001e5a0000] [id=6364]
  0x000000001d894800 WatcherThread [stack: 0x000000001efb0000,0x000000001f0b0000] [id=5852]

VM state:not at safepoint (normal execution)

VM Mutex/Monitor currently owned by a thread: None

Heap:
 PSYoungGen      total 75776K, used 19849K [0x000000076b600000, 0x0000000770a80000, 0x00000007c0000000)
  eden space 65024K, 18% used [0x000000076b600000,0x000000076c20b8a8,0x000000076f580000)
  from space 10752K, 69% used [0x000000076f580000,0x000000076fcd6da8,0x0000000770000000)
  to   space 10752K, 0% used [0x0000000770000000,0x0000000770000000,0x0000000770a80000)
 ParOldGen       total 173568K, used 24K [0x00000006c2200000, 0x00000006ccb80000, 0x000000076b600000)
  object space 173568K, 0% used [0x00000006c2200000,0x00000006c2206000,0x00000006ccb80000)
 Metaspace       used 13490K, capacity 13791K, committed 14080K, reserved 1062912K
  class space    used 1399K, capacity 1512K, committed 1536K, reserved 1048576K

Card table byte_map: [0x0000000011dc0000,0x00000000125b0000] byte_map_base: 0x000000000e7af000

Marking Bits: (ParMarkBitMap*) 0x000000005f21b6d0
 Begin Bits: [0x0000000013300000, 0x0000000017278000)
 End Bits:   [0x0000000017278000, 0x000000001b1f0000)

Polling page: 0x0000000000bd0000

CodeCache: size=245760Kb used=4909Kb max_used=5170Kb free=240850Kb
 bounds [0x0000000002a00000, 0x0000000002f20000, 0x0000000011a00000]
 total_blobs=2014 nmethods=1494 adapters=433
 compilation: enabled

Compilation events (10 events):
Event: 37.060 Thread 0x000000001d7ec000 1657       2       com.badlogic.gdx.graphics.g2d.Sprite::setScale (16 bytes)
Event: 37.061 Thread 0x000000001d7ec000 nmethod 1657 0x0000000002d80510 code [0x0000000002d80660, 0x0000000002d807b0]
Event: 37.061 Thread 0x000000001d7ec000 1658       2       com.badlogic.gdx.graphics.g2d.SpriteBatch::setColor (6 bytes)
Event: 37.061 Thread 0x000000001d7ec000 nmethod 1658 0x0000000002d801d0 code [0x0000000002d80320, 0x0000000002d80470]
Event: 37.088 Thread 0x000000001d7ec000 1660       3       com.badlogic.gdx.scenes.scene2d.ui.Table::setBackground (128 bytes)
Event: 37.090 Thread 0x000000001d7ec000 nmethod 1660 0x0000000002c92710 code [0x0000000002c929a0, 0x0000000002c942c8]
Event: 37.171 Thread 0x000000001d7e4000 1661   !   4       org.lwjgl.input.Mouse::isGrabbed (17 bytes)
Event: 37.174 Thread 0x000000001d7e4000 nmethod 1661 0x0000000002d7fdd0 code [0x0000000002d7ff20, 0x0000000002d80138]
Event: 37.221 Thread 0x000000001d7ec000 1662       3       com.badlogic.gdx.scenes.scene2d.Stage::act (236 bytes)
Event: 37.224 Thread 0x000000001d7ec000 nmethod 1662 0x0000000002c3c0d0 code [0x0000000002c3c3a0, 0x0000000002c3d768]

GC Heap History (2 events):
Event: 36.171 GC heap before
{Heap before GC invocations=1 (full 0):
 PSYoungGen      total 75776K, used 65024K [0x000000076b600000, 0x0000000770a80000, 0x00000007c0000000)
  eden space 65024K, 100% used [0x000000076b600000,0x000000076f580000,0x000000076f580000)
  from space 10752K, 0% used [0x0000000770000000,0x0000000770000000,0x0000000770a80000)
  to   space 10752K, 0% used [0x000000076f580000,0x000000076f580000,0x0000000770000000)
 ParOldGen       total 173568K, used 0K [0x00000006c2200000, 0x00000006ccb80000, 0x000000076b600000)
  object space 173568K, 0% used [0x00000006c2200000,0x00000006c2200000,0x00000006ccb80000)
 Metaspace       used 13431K, capacity 13727K, committed 13824K, reserved 1060864K
  class space    used 1393K, capacity 1512K, committed 1536K, reserved 1048576K
Event: 36.176 GC heap after
Heap after GC invocations=1 (full 0):
 PSYoungGen      total 75776K, used 7515K [0x000000076b600000, 0x0000000770a80000, 0x00000007c0000000)
  eden space 65024K, 0% used [0x000000076b600000,0x000000076b600000,0x000000076f580000)
  from space 10752K, 69% used [0x000000076f580000,0x000000076fcd6da8,0x0000000770000000)
  to   space 10752K, 0% used [0x0000000770000000,0x0000000770000000,0x0000000770a80000)
 ParOldGen       total 173568K, used 24K [0x00000006c2200000, 0x00000006ccb80000, 0x000000076b600000)
  object space 173568K, 0% used [0x00000006c2200000,0x00000006c2206000,0x00000006ccb80000)
 Metaspace       used 13431K, capacity 13727K, committed 13824K, reserved 1060864K
  class space    used 1393K, capacity 1512K, committed 1536K, reserved 1048576K
}

Deoptimization events (10 events):
Event: 35.810 Thread 0x000000001f2f4000 Uncommon trap: reason=unstable_if action=reinterpret pc=0x0000000002d275cc method=com.badlogic.gdx.graphics.g2d.SpriteBatch.flush()V @ 41
Event: 35.812 Thread 0x000000001f2f4000 Uncommon trap: reason=unstable_if action=reinterpret pc=0x0000000002d2d6f4 method=com.badlogic.gdx.graphics.g2d.Sprite.getVertices()[F @ 4
Event: 35.856 Thread 0x000000001f5bc000 Uncommon trap: reason=unstable_if action=reinterpret pc=0x0000000002d4ed68 method=java.lang.CharacterDataLatin1.digit(II)I @ 31
Event: 35.865 Thread 0x000000001f723800 Uncommon trap: reason=unstable_if action=reinterpret pc=0x0000000002d4e9a8 method=java.lang.CharacterDataLatin1.digit(II)I @ 31
Event: 35.937 Thread 0x000000001f728800 Uncommon trap: reason=unstable_if action=reinterpret pc=0x0000000002b73db8 method=java.lang.String.startsWith(Ljava/lang/String;I)Z @ 25
Event: 35.945 Thread 0x000000001f728800 Uncommon trap: reason=unstable_if action=reinterpret pc=0x0000000002d5d254 method=java.lang.String.trim()Ljava/lang/String; @ 44
Event: 35.983 Thread 0x000000001f728800 Uncommon trap: reason=unstable_if action=reinterpret pc=0x0000000002e6a31c method=java.util.HashMap.getNode(ILjava/lang/Object;)Ljava/util/HashMap$Node; @ 116
Event: 35.990 Thread 0x000000001f728800 Uncommon trap: reason=unstable_if action=reinterpret pc=0x0000000002df1dec method=java.io.ByteArrayInputStream.read()I @ 8
Event: 36.497 Thread 0x000000001f2f4000 Uncommon trap: reason=class_check action=maybe_recompile pc=0x0000000002ea869c method=java.util.regex.Pattern$Curly.match(Ljava/util/regex/Matcher;ILjava/lang/CharSequence;)Z @ 19
Event: 36.523 Thread 0x000000001f2f4000 Uncommon trap: reason=unstable_if action=reinterpret pc=0x0000000002d0bb24 method=com.badlogic.gdx.scenes.scene2d.ui.WidgetGroup.validate()V @ 105

Internal exceptions (10 events):
Event: 0.191 Thread 0x0000000002906000 Exception <a 'java/security/PrivilegedActionException'> (0x000000076baa0560) thrown at [C:\re\workspace\8-2-build-windows-amd64-cygwin\jdk8u121\8372\hotspot\src\share\vm\prims\jvm.cpp, line 1390]
Event: 0.191 Thread 0x0000000002906000 Exception <a 'java/security/PrivilegedActionException'> (0x000000076baa11b8) thrown at [C:\re\workspace\8-2-build-windows-amd64-cygwin\jdk8u121\8372\hotspot\src\share\vm\prims\jvm.cpp, line 1390]
Event: 0.191 Thread 0x0000000002906000 Exception <a 'java/security/PrivilegedActionException'> (0x000000076baa1de0) thrown at [C:\re\workspace\8-2-build-windows-amd64-cygwin\jdk8u121\8372\hotspot\src\share\vm\prims\jvm.cpp, line 1390]
Event: 35.845 Thread 0x000000001f5bc000 Exception <a 'java/lang/NoSuchFieldError': method resolution failed> (0x000000076cc13188) thrown at [C:\re\workspace\8-2-build-windows-amd64-cygwin\jdk8u121\8372\hotspot\src\share\vm\prims\methodHandles.cpp, line 1146]
Event: 35.846 Thread 0x000000001f5bc000 Exception <a 'java/lang/NoSuchFieldError': method resolution failed> (0x000000076cc20848) thrown at [C:\re\workspace\8-2-build-windows-amd64-cygwin\jdk8u121\8372\hotspot\src\share\vm\prims\methodHandles.cpp, line 1146]
Event: 36.074 Thread 0x0000000025dce000 Exception <a 'java/net/SocketTimeoutException': Read timed out> (0x000000076e16d848) thrown at [C:\re\workspace\8-2-build-windows-amd64-cygwin\jdk8u121\8372\hotspot\src\share\vm\prims\jni.cpp, line 735]
Event: 36.079 Thread 0x0000000025dcf000 Exception <a 'java/net/SocketTimeoutException': Read timed out> (0x000000076e7c71f0) thrown at [C:\re\workspace\8-2-build-windows-amd64-cygwin\jdk8u121\8372\hotspot\src\share\vm\prims\jni.cpp, line 735]
Event: 36.089 Thread 0x0000000026119800 Exception <a 'java/net/SocketTimeoutException': Read timed out> (0x000000076eb96830) thrown at [C:\re\workspace\8-2-build-windows-amd64-cygwin\jdk8u121\8372\hotspot\src\share\vm\prims\jni.cpp, line 735]
Event: 36.505 Thread 0x000000001f566000 Exception <a 'java/net/SocketException': Socket closed> (0x000000076c026890) thrown at [C:\re\workspace\8-2-build-windows-amd64-cygwin\jdk8u121\8372\hotspot\src\share\vm\prims\jni.cpp, line 735]
Event: 36.506 Thread 0x000000002611a800 Exception <a 'java/net/SocketException': Socket closed> (0x000000076bb16b80) thrown at [C:\re\workspace\8-2-build-windows-amd64-cygwin\jdk8u121\8372\hotspot\src\share\vm\prims\jni.cpp, line 735]

Events (10 events):
Event: 36.774 Thread 0x000000001d7ec000 flushing nmethod 0x0000000002d6c6d0
Event: 36.774 Thread 0x000000001d7ec000 flushing nmethod 0x0000000002d6cb50
Event: 36.774 Thread 0x000000001d7ec000 flushing nmethod 0x0000000002d7fb50
Event: 36.774 Thread 0x000000001d7ec000 flushing nmethod 0x0000000002d7fe90
Event: 36.774 Thread 0x000000001d7ec000 flushing nmethod 0x0000000002d801d0
Event: 36.774 Thread 0x000000001d7ec000 flushing nmethod 0x0000000002d80510
Event: 36.774 Thread 0x000000001d7ec000 flushing nmethod 0x0000000002d80c50
Event: 36.774 Thread 0x000000001d7ec000 flushing nmethod 0x0000000002d80f90
Event: 38.420 loading class com/badlogic/gdx/backends/lwjgl/LwjglApplication$2
Event: 38.420 loading class com/badlogic/gdx/backends/lwjgl/LwjglApplication$2 done


Dynamic libraries:
0x00007ff77a090000 - 0x00007ff77a0c7000 	C:\Program Files\Java\jdk1.8.0_121\bin\javaw.exe
0x00007ff83e750000 - 0x00007ff83e912000 	C:\Windows\SYSTEM32\ntdll.dll
0x00007ff83df00000 - 0x00007ff83dfad000 	C:\Windows\system32\KERNEL32.DLL
0x00007ff83bc30000 - 0x00007ff83be0d000 	C:\Windows\system32\KERNELBASE.dll
0x00007ff8398d0000 - 0x00007ff839948000 	C:\Windows\system32\apphelp.dll
0x00007ff813eb0000 - 0x00007ff814332000 	C:\Windows\AppPatch\AppPatch64\AcLayers.DLL
0x00007ff83e580000 - 0x00007ff83e61d000 	C:\Windows\system32\msvcrt.dll
0x00007ff83c030000 - 0x00007ff83c17e000 	C:\Windows\system32\USER32.dll
0x00007ff83e390000 - 0x00007ff83e514000 	C:\Windows\system32\GDI32.dll
0x00007ff83e160000 - 0x00007ff83e1b1000 	C:\Windows\system32\SHLWAPI.dll
0x00007ff83dbb0000 - 0x00007ff83de2c000 	C:\Windows\system32\combase.dll
0x00007ff83e620000 - 0x00007ff83e746000 	C:\Windows\system32\RPCRT4.dll
0x00000000007a0000 - 0x00000000007a3000 	C:\Windows\SYSTEM32\sfc.dll
0x00007ff832280000 - 0x00007ff832304000 	C:\Windows\SYSTEM32\WINSPOOL.DRV
0x00007ff83b0a0000 - 0x00007ff83b0c8000 	C:\Windows\SYSTEM32\bcrypt.dll
0x00007ff82dc70000 - 0x00007ff82dc81000 	C:\Windows\SYSTEM32\sfc_os.DLL
0x00007ff83c640000 - 0x00007ff83c676000 	C:\Windows\system32\IMM32.DLL
0x00007ff83e230000 - 0x00007ff83e38c000 	C:\Windows\system32\MSCTF.dll
0x00007ff83bf60000 - 0x00007ff83c006000 	C:\Windows\system32\ADVAPI32.dll
0x00007ff83e520000 - 0x00007ff83e57b000 	C:\Windows\system32\sechost.dll
0x00007ff832380000 - 0x00007ff8325f4000 	C:\Windows\WinSxS\amd64_microsoft.windows.common-controls_6595b64144ccf1df_6.0.10240.17184_none_f41d7a705752bce6\COMCTL32.dll
0x000000005e920000 - 0x000000005e9f2000 	C:\Program Files\Java\jdk1.8.0_121\jre\bin\msvcr100.dll
0x000000005ea00000 - 0x000000005f29b000 	C:\Program Files\Java\jdk1.8.0_121\jre\bin\server\jvm.dll
0x00007ff83e1c0000 - 0x00007ff83e1c8000 	C:\Windows\system32\PSAPI.DLL
0x00007ff8393a0000 - 0x00007ff8393c3000 	C:\Windows\SYSTEM32\WINMM.dll
0x00007ff828360000 - 0x00007ff828369000 	C:\Windows\SYSTEM32\WSOCK32.dll
0x00007ff832ca0000 - 0x00007ff832caa000 	C:\Windows\SYSTEM32\VERSION.dll
0x00007ff83e090000 - 0x00007ff83e0f9000 	C:\Windows\system32\WS2_32.dll
0x00007ff83c350000 - 0x00007ff83c358000 	C:\Windows\system32\NSI.dll
0x00007ff839280000 - 0x00007ff8392ac000 	C:\Windows\SYSTEM32\WINMMBASE.dll
0x00007ff83b210000 - 0x00007ff83b254000 	C:\Windows\system32\cfgmgr32.dll
0x00007ff839af0000 - 0x00007ff839b17000 	C:\Windows\SYSTEM32\DEVOBJ.dll
0x000000005e910000 - 0x000000005e91f000 	C:\Program Files\Java\jdk1.8.0_121\jre\bin\verify.dll
0x000000005e8e0000 - 0x000000005e909000 	C:\Program Files\Java\jdk1.8.0_121\jre\bin\java.dll
0x000000005e8c0000 - 0x000000005e8d6000 	C:\Program Files\Java\jdk1.8.0_121\jre\bin\zip.dll
0x00007ff83c680000 - 0x00007ff83dba3000 	C:\Windows\system32\SHELL32.dll
0x00007ff83b310000 - 0x00007ff83b939000 	C:\Windows\system32\windows.storage.dll
0x00007ff83b200000 - 0x00007ff83b20f000 	C:\Windows\system32\kernel.appcore.dll
0x00007ff83bb70000 - 0x00007ff83bc23000 	C:\Windows\system32\shcore.dll
0x00007ff83b190000 - 0x00007ff83b1da000 	C:\Windows\system32\powrprof.dll
0x00007ff83b170000 - 0x00007ff83b183000 	C:\Windows\system32\profapi.dll
0x0000000065580000 - 0x0000000065616000 	C:\Users\damien\AppData\Local\Temp\libgdxdamien\38c81921\gdx64.dll
0x00007ff83aa40000 - 0x00007ff83aa57000 	C:\Windows\SYSTEM32\CRYPTSP.dll
0x00007ff83a690000 - 0x00007ff83a6c3000 	C:\Windows\system32\rsaenh.dll
0x00007ff83a870000 - 0x00007ff83a88f000 	C:\Windows\SYSTEM32\USERENV.dll
0x00007ff83af90000 - 0x00007ff83affb000 	C:\Windows\system32\bcryptprimitives.dll
0x00007ff83abb0000 - 0x00007ff83abbb000 	C:\Windows\SYSTEM32\CRYPTBASE.dll
0x000000005e8a0000 - 0x000000005e8ba000 	C:\Program Files\Java\jdk1.8.0_121\jre\bin\net.dll
0x00007ff83a9e0000 - 0x00007ff83aa3d000 	C:\Windows\system32\mswsock.dll
0x00007ff8395b0000 - 0x00007ff8395e8000 	C:\Windows\SYSTEM32\IPHLPAPI.DLL
0x00007ff8392b0000 - 0x00007ff8392bb000 	C:\Windows\SYSTEM32\WINNSI.DLL
0x00007ff8366b0000 - 0x00007ff8366c6000 	C:\Windows\SYSTEM32\dhcpcsvc6.DLL
0x00007ff836690000 - 0x00007ff8366aa000 	C:\Windows\SYSTEM32\dhcpcsvc.DLL
0x000000005e880000 - 0x000000005e891000 	C:\Program Files\Java\jdk1.8.0_121\jre\bin\nio.dll
0x0000000180000000 - 0x0000000180053000 	C:\Users\damien\AppData\Local\Temp\libgdxdamien\dc0f0009\lwjgl64.dll
0x00007ff82b710000 - 0x00007ff82b838000 	C:\Windows\SYSTEM32\OPENGL32.dll
0x00007ff82b450000 - 0x00007ff82b47e000 	C:\Windows\SYSTEM32\GLU32.dll
0x00007ff82ab80000 - 0x00007ff82ac76000 	C:\Windows\SYSTEM32\DDRAW.dll
0x00007ff82b700000 - 0x00007ff82b708000 	C:\Windows\SYSTEM32\DCIMAN32.dll
0x000000001fef0000 - 0x000000001ff54000 	C:\Users\damien\AppData\Local\Temp\libgdxdamien\dc0f0009\OpenAL64.dll
0x00007ff83be10000 - 0x00007ff83bf51000 	C:\Windows\system32\ole32.dll
0x00007ff839a50000 - 0x00007ff839ae6000 	C:\Windows\system32\uxtheme.dll
0x00007ff83c360000 - 0x00007ff83c405000 	C:\Windows\system32\clbcatq.dll
0x00007ff838970000 - 0x00007ff838af3000 	C:\Windows\System32\PROPSYS.dll
0x00007ff83de30000 - 0x00007ff83def2000 	C:\Windows\system32\OLEAUT32.dll
0x00007ff82e3e0000 - 0x00007ff82e47c000 	C:\Windows\SYSTEM32\dsound.dll
0x00007ff838210000 - 0x00007ff838282000 	C:\Windows\System32\MMDevApi.dll
0x00007ff8316c0000 - 0x00007ff831745000 	C:\Windows\SYSTEM32\AUDIOSES.DLL
0x00007ff836b60000 - 0x00007ff836c91000 	C:\Windows\SYSTEM32\wintypes.dll
0x00007ff838900000 - 0x00007ff838922000 	C:\Windows\system32\dwmapi.dll
0x00007ff814340000 - 0x00007ff81505d000 	C:\Windows\SYSTEM32\ig9icd64.dll
0x00007ff834d20000 - 0x00007ff835b93000 	C:\Windows\SYSTEM32\igc64.dll
0x00007ff838ce0000 - 0x00007ff838cf3000 	C:\Windows\SYSTEM32\WTSAPI32.dll
0x00007ff81f300000 - 0x00007ff81f391000 	C:\Windows\SYSTEM32\mscms.dll
0x00007ff830e40000 - 0x00007ff830e82000 	C:\Windows\SYSTEM32\icm32.dll
0x00007ff83a7c0000 - 0x00007ff83a868000 	C:\Windows\SYSTEM32\DNSAPI.dll
0x00007ff8334c0000 - 0x00007ff8334ca000 	C:\Windows\System32\rasadhlp.dll
0x00007ff8368c0000 - 0x00007ff836928000 	C:\Windows\System32\fwpuclnt.dll
0x000000005e850000 - 0x000000005e874000 	C:\Program Files\Java\jdk1.8.0_121\jre\bin\sunec.dll

VM Arguments:
jvm_args: -Dfile.encoding=UTF-8 
java_command: com.worms.main.Main
java_class_path (initial): C:\Users\damien\Desktop\Worms\bin;C:\Users\damien\.gradle\caches\modules-2\files-2.1\org.apache.commons\commons-math3\3.6.1\e4ba98f1d4b3c80ec46392f25e094a6a2e58fcbf\commons-math3-3.6.1.jar;C:\Users\damien\.gradle\caches\modules-2\files-2.1\io.socket\socket.io-client\0.8.3\b30500232ff0668a47c9f91f02e6935457a52fb5\socket.io-client-0.8.3.jar;C:\Users\damien\.gradle\caches\modules-2\files-2.1\com.badlogicgames.gdx\gdx-backend-lwjgl\1.9.6\ee7c23636ee4a942d329579daecc3ec5e517fe4c\gdx-backend-lwjgl-1.9.6.jar;C:\Users\damien\.gradle\caches\modules-2\files-2.1\com.badlogicgames.gdx\gdx-platform\1.9.6\6f84dd7a18dc68e4ec492dfbb0594f930babcf63\gdx-platform-1.9.6-natives-desktop.jar;C:\Users\damien\.gradle\caches\modules-2\files-2.1\com.badlogicgames.gdx\gdx-box2d-platform\1.9.6\d7b6168f5afd3948fd126c0b248f66c49b73ca35\gdx-box2d-platform-1.9.6-natives-desktop.jar;C:\Users\damien\.gradle\caches\modules-2\files-2.1\com.badlogicgames.gdx\gdx\1.9.6\47d1e9b890e364ec28f128e9bb3b9a12a94c164\gdx-1.9.6.jar;C:\Users\damien\.gradle\caches\modules-2\files-2.1\com.badlogicgames.gdx\gdx-box2d\1.9.6\c249ef4060a4fada952f278455c8f7b9cba3c18a\gdx-box2d-1.9.6.jar;C:\Users\damien\.gradle\caches\modules-2\files-2.1\com.google.guava\guava\20.0\89507701249388e1ed5ddcf8c41f4ce1be7831ef\guava-20.0.jar;C:\Users\damien\.gradle\caches\modules-2\files-2.1\io.socket\engine.io-client\0.8.3\854b49396e1e9f9bb0ab025062ddb49c4ed65ca1\engine.io-client-0.8.3.jar;C:\Users\damien\.gradle\caches\modules-2\files-2.1\org.json\json\20090211\c183aa3a2a6250293808bba12262c8920ce5a51c\json-20090211.jar;C:\Users\damien\.gradle\caches\modules-2\files-2.1\org.lwjgl.lwjgl\lwjgl\2.9.2\a9d80fe5935c7a9149f6584d9777cfd471f65489\lwjgl-2.9.2.jar;C:\Users\damien\.gradle\caches\modules-2\files-2.1\org.lwjgl.lwjgl\lwjgl_util\2.9.2\4b9e37300a87799856e0bd15ed81663cdb6b0947\lwjgl_util-2.9.2.jar;C:\Users\damien\.gradle\caches\modules-2\files-2.1\com.badlogicgames.jlayer\jlayer\1.0.1-gdx\7cca83cec5c1b2f011362f4d85
Launcher Type: SUN_STANDARD

Environment Variables:
JAVA_HOME=C:\Program Files\Java\jdk1.8.0_121\bin
PATH=C:/Program Files/Java/jdk1.8.0_121/bin/../jre/bin/server;C:/Program Files/Java/jdk1.8.0_121/bin/../jre/bin;C:/Program Files/Java/jdk1.8.0_121/bin/../jre/lib/amd64;C:\Windows\system32;C:\Windows;C:\Windows\System32\Wbem;C:\Windows\System32\WindowsPowerShell\v1.0\;C:\Program Files\Java\jdk1.8.0_121\bin;C:\Program Files\PuTTY\;C:\Program Files\nodejs\;C:\Program Files\Git\cmd;C:\Users\damien\AppData\Local\atom\bin;C:\Program Files (x86)\Microsoft VS Code\bin;C:\Users\damien\AppData\Roaming\npm;C:\Users\damien\Desktop\eclipse;
USERNAME=damien
OS=Windows_NT
PROCESSOR_IDENTIFIER=Intel64 Family 6 Model 94 Stepping 3, GenuineIntel



---------------  S Y S T E M  ---------------

OS: Windows 10.0 , 64 bit Build 10240 (10.0.10240.17113)

CPU:total 8 (4 cores per cpu, 2 threads per core) family 6 model 94 stepping 3, cmov, cx8, fxsr, mmx, sse, sse2, sse3, ssse3, sse4.1, sse4.2, popcnt, avx, avx2, aes, clmul, erms, rtm, 3dnowpref, lzcnt, ht, tsc, tscinvbit, bmi1, bmi2, adx

Memory: 4k page, physical 16632196k(11815436k free), swap 19122564k(13708420k free)

vm_info: Java HotSpot(TM) 64-Bit Server VM (25.121-b13) for windows-amd64 JRE (1.8.0_121-b13), built on Dec 12 2016 18:21:36 by "java_re" with MS VC++ 10.0 (VS2010)

time: Fri Mar 24 09:55:27 2017
elapsed time: 38 seconds (0d 0h 0m 38s)

